C:\Program Files (x86)\GnuWin32\bin\make.exe all -f C:\Github\expression-tree-library\src\Makefile --print-data-base --no-builtin-variables --no-builtin-rules --question
# GNU Make 3.81
# Copyright (C) 2006  Free Software Foundation, Inc.
# This is free software; see the source for copying conditions.
# There is NO warranty; not even for MERCHANTABILITY or FITNESS FOR A
# PARTICULAR PURPOSE.

# This program built for i386-pc-mingw32
 

# Make data base, printed on Tue May 17 14:16:46 2022

# Variables

# automatic
<D = $(patsubst %/,%,$(dir $<))
# automatic
?F = $(notdir $?)
# environment
ELECTRON_NO_ATTACH_CONSOLE = 1
# makefile
MAKEFLAGS = Rrqp
# environment
VSCODE_LOG_NATIVE = false
# automatic
?D = $(patsubst %/,%,$(dir $?))
# automatic
@D = $(patsubst %/,%,$(dir $@))
# environment
HOMEDRIVE = C:
# automatic
@F = $(notdir $@)
# automatic
^D = $(patsubst %/,%,$(dir $^))
# makefile
CURDIR := c:/Github/expression-tree-library
# default
SHELL := sh.exe
# environment
WINDIR = C:\WINDOWS
# environment
VSCODE_NLS_CONFIG = {"locale":"en-us","availableLanguages":{},"_languagePackSupport":true}
# environment
PYCHARM COMMUNITY EDITION = C:\Program Files\JetBrains\PyCharm Community Edition 2021.1.1\bin;
# environment
ONEDRIVE = C:\Users\rbmj2\OneDrive
# environment
PATHEXT = .COM;.EXE;.BAT;.CMD;.VBS;.VBE;.JS;.JSE;.WSF;.WSH;.MSC;.PY;.PYW
# makefile (from `C:\Github\expression-tree-library\src\Makefile', line 1)
MAKEFILE_LIST :=  C:\Github\expressio 
n-tree-library\src\Makefile
# environment
TMP = C:\Users\rbmj2\AppData\Local\Temp
# environment
VSCODE_VERBOSE_LOGGING = true
# environment
PROGRAMW6432 = C:\Program Files
# environment
PROGRAMDATA = C:\ProgramData
# environment
VSCODE_IPC_HOOK_EXTHOST = \\.\pipe\vscode-ipc-fe5cd225-36a9-46d7-9a88-2e78d8a4ff35-sock
# environment
VSCODE_CWD = C:\Users\rbmj2\AppData\Local\GitHubDesktop\app-3.0.0
# environment
SMLNJ_HOME = C:\Program Files (x86)\SMLNJ\
# environment
PATH = C:\Program Files\Common Files\Oracle\ 
Java\javapath;C:\Python310\Scripts\;C:\Python310\;C:\Program Files (x86)\Common Files\Oracle\Java\javapath;C:\WINDOWS\system32;C:\WINDOWS;C:\WINDOWS\System32\Wbem;C:\WINDOWS\System32\WindowsPowerShell\v1.0\;C:\WINDOWS\System32\OpenSSH\;C:\Program Files\PuTTY\;C:\Program Files (x86)\SMLNJ\bin\;C:\Program Files\dotnet\;C:\ProgramData\chocolatey\bin;C:\Program Files\Git\cmd;C:\msys64\mingw64\bin;C:\Users\rbmj2\AppData\Local\Programs\Python\Python39\Scripts\;C:\Users\rbmj2\AppData\Local\Programs\Python\Python39 
\;C:\Users\rbmj2\AppData\Local\Microsoft\WindowsApps;C:\Users\rbmj2\AppData\Local\Programs\Python\Python39\Scripts;C:\Program Files\JetBrains\PyCharm Community Edition 2021.1.1\bin;;C:\Program Files\swipl\bin;C:\Users\rbmj2\AppData\Local\Programs\Microsoft VS Code\bin;C:\Users\rbmj2\.dotnet\tools;C:\Users\rbmj2\AppData\Local\GitHubDesktop\bin;C:\Users\rbmj2\AppData\Local\Programs\MiKTeX\miktex\bin\x64\;C:\msys64\mingw64\bin;C:\Program Files (x86)\GnuWin32\bin\make.exe;
# environment
COMMONPROGRAMW6432 = C:\ 
Program Files\Common Files
# environment
CHOCOLATEYLASTPATHUPDATE = 132779695057011151
# environment
PROCESSOR_ARCHITECTURE = x86
# environment
USERPROFILE = C:\Users\rbmj2
# environment
CHOCOLATEYINSTALL = C:\ProgramData\chocolatey
# environment
ALLUSERSPROFILE = C:\ProgramData
# environment
VSCODE_LOG_STACK = false
# environment
NUMBER_OF_PROCESSORS = 8
# environment
ELECTRON_RUN_AS_NODE = 1
# default
.FEATURES := target-specific order-only second-expansion else-if archives
# automatic
%F = $(notdir $%)
# 
 environment
CHROME_CRASHPAD_PIPE_NAME = \\.\pipe\crashpad_8832_BHYFEFVVWMGRHIZI
# environment
VSCODE_PIPE_LOGGING = true
# environment
COMPUTERNAME = RBMJSURFACEBOOK
# environment
PROGRAMFILES = C:\Program Files (x86)
# environment
DRIVERDATA = C:\Windows\System32\Drivers\DriverData
# environment
ORIGINAL_XDG_CURRENT_DESKTOP = undefined
# environment
USERNAME = rbmj2
# environment
PUBLIC = C:\Users\Public
# environment
VSCODE_AMD_ENTRYPOINT = vs/workbench/api/node/extensionHostProcess
# environment
VSCODE_ 
CLI = 1
# environment
VSCODE_CODE_CACHE_PATH = C:\Users\rbmj2\AppData\Roaming\Code\CachedData\da15b6fd3ef856477bf6f4fb29ba1b7af717770d
# environment
APPLICATION_INSIGHTS_NO_DIAGNOSTIC_CHANNEL = 1
# environment
COMMONPROGRAMFILES = C:\Program Files (x86)\Common Files
# environment
LOGONSERVER = \\RBMJSURFACEBOOK
# environment
ONEDRIVECONSUMER = C:\Users\rbmj2\OneDrive
# environment
VSCODE_HANDLES_UNCAUGHT_ERRORS = true
# environment
USERDOMAIN = RBMJSURFACEBOOK
# default
MAKE = $(MAKE_COMMAND)
# default
MAKE 
CMDGOALS := all
# environment
LOCAL_GIT_DIRECTORY = C:\Users\rbmj2\AppData\Local\GitHubDesktop\app-3.0.0\resources\app\git
# default
MAKE_VERSION := 3.81
# makefile
.DEFAULT_GOAL := build
# environment
PROGRAMFILES(X86) = C:\Program Files (x86)
# automatic
%D = $(patsubst %/,%,$(dir $%))
# environment
LOCALAPPDATA = C:\Users\rbmj2\AppData\Local
# environment
PSMODULEPATH = C:\Program Files\WindowsPowerShell\Modules;C:\WINDOWS\system32\WindowsPowerShell\v1.0\Modules
# default
MAKE_COMMAND := C:/Program Files 
 (x86)/GnuWin32/bin/make
# environment
PROCESSOR_ARCHITEW6432 = AMD64
# default
.VARIABLES := 
# automatic
*F = $(notdir $*)
# environment
PROCESSOR_IDENTIFIER = Intel64 Family 6 Model 142 Stepping 10, GenuineIntel
# environment
OS = Windows_NT
# environment
VSCODE_IPC_HOOK = \\.\pipe\164a7323d9fbe5341f49f532dbb0b9e7-1.67.1-main-sock
# environment
PYTHONPATH = C:\Users\rbmj2\AppData\Local\Programs\Python\Python39\Lib\site-packages
# environment
HOMEPATH = \Users\rbmj2
# environment
COMMONPROGRAMFILES(X86) = C:\Program Files (x86)\Common Files
# environment
PROMPT = $P$G
# environment
MFLAGS = -Rrqp
# automatic
*D = $(patsubst %/,%,$(dir $*))
# environment
SYSTEMROOT = C:\WINDOWS
# automatic
+D = $(patsubst %/,%,$(dir $+))
# automatic
+F = $(notdir $+)
# environment
APPDATA = C:\Users\rbmj2\AppData\Roaming
# environment
TEMP = C:\Users\rbmj2\AppData\Local\Temp
# environment
COMSPEC = C:\WINDOWS\system32\cmd.exe
# default
MAKEFILES := 
# automatic
<F = $(notdir $<)
# environment
LC_ALL = C
# automatic
^F = $(no 
tdir $^)
# default
SUFFIXES := 
# environment
SYSTEMDRIVE = C:
# environment
SESSIONNAME = Console
# environment
PROCESSOR_REVISION = 8e0a
# environment
MAKELEVEL := 0
# environment
LANG = C
# environment
PROCESSOR_LEVEL = 6
# environment
VSCODE_PID = 8832
# environment
USERDOMAIN_ROAMINGPROFILE = RBMJSURFACEBOOK
# variable set hash-table stats:
# Load=95/1024=9%, Rehash=0, Collisions=5/105=5%

# Pattern-specific Variable Values

# No pattern-specific variable values.

# Directories

# : could not be stat'd 
.
# C:\Program Files\Common Files\Oracle\Java\javapath (key C:/Program Files/Common Files/Oracle/Java/javapath, mtime 1650213435): 6 files, no impossibilities.
# C:\Users\rbmj2\AppData\Local\Programs\MiKTeX\miktex\bin\x64\ (key C:/Users/rbmj2/AppData/Local/Programs/MiKTeX/miktex/bin/x64/, mtime 1643931377): 721 files, no impossibilities.
# C:\WINDOWS\System32\WindowsPowerShell\v1.0\ (key C:/WINDOWS/System32/WindowsPowerShell/v1.0/, mtime 1602752878): 34 files, no impossibilities.
# C:\WINDOWS\System32\Wbem (key C:/WINDOWS/System32/Wbem, mtime 1650790847): 176 files, no impossibilities.
# . (key c:/Github/expression-tree-library, mtime 1652645650): 7 files, no impossibilities.
# C:\Users\rbmj2\AppData\Local\Programs\Python\Python39\ (key C:/Users/rbmj2/AppData/Local/Programs/Python/Python39/, mtime 1633496141): 17 files, no impossibilities.
# C:\Users\rbmj2\AppData\Local\GitHubDesktop\bin (key C:/Users/rbmj2/AppData/Local/GitHubDesktop/bin, mtime 1637542033): 4 files, no impossibilities.
# C:\Users\rbmj2\AppDa 
ta\Local\Microsoft\WindowsApps (key C:/Users/rbmj2/AppData/Local/Microsoft/WindowsApps, mtime 1652474495): 15 files, no impossibilities.
# C:\Users\rbmj2\AppData\Local\Programs\Python\Python39\Scripts\: could not be stat'd.
# C:\ProgramData\chocolatey\bin (key C:/ProgramData/chocolatey/bin, mtime 1633495906): 13 files, no impossibilities.
# C:\Program Files\dotnet\ (key C:/Program Files/dotnet/, mtime 1630276474): 11 files, no impossibilities.
# C:\Python310\ (key C:/Python310/, mtime 1633496140): 18 files, no impossibilities.
# C:\Program Files (x86)\SMLNJ\bin\ (key C:/Program Files (x86)/SMLNJ/bin/, mtime 1602446112): 13 files, no impossibilities.
# C:\Python310\Scripts\ (key C:/Python310/Scripts/, mtime 1650140090): 7 files, no impossibilities.
# C:\Users\rbmj2\AppData\Local\Programs\Python\Python39\Scripts: could not be stat'd.
# C:\WINDOWS\System32\OpenSSH\: could not be stat'd.
# C:\Program Files\PuTTY\ (key C:/Program Files/PuTTY/, mtime 1600617167): 12 files, no impossibilities.
# C:\Program Files (x86)\Common Files\Oracle\Java\javapath (key C:/Program Files (x86)/Common Files/Oracle/Java/javapath, mtime 1626805778): 5 files, no impossibilities.
# C:\WINDOWS (key C:/WINDOWS, mtime 1651527711): 122 files, no impossibilities.
# C:\Program Files\JetBrains\PyCharm Community Edition 2021.1.1\bin: could not be stat'd.
# C:\msys64\mingw64\bin (key C:/msys64/mingw64/bin, mtime 1652682432): 54 files, no impossibilities.
# C:\Program Files\Git\cmd (key C:/Program Files/Git/cmd, mtime 1649564881): 8 files, no impossibilities.
# C:\WINDOWS\system32 (key C:/WINDOWS/system32, mtime 1652819500): 3057 files, no impossibilities.
# C:\Program Files\swipl\bin (key C:/Program Files/swipl/bin, mtime 1623209883): 67 files, no impossibilities.
# C:\Users\rbmj2\AppData\Local\Programs\Microsoft VS Code\bin (key C:/Users/rbmj2/AppData/Local/Programs/Microsoft VS Code/bin, mtime 1652306599): 4 files, no impossibilities.
# C:\Program Files (x86)\GnuWin32\bin\make.exe (key C:/Program Files (x86)/GnuWin32/bin/make.exe, mtime 116442168 
4): could not be opened.
# C:\Users\rbmj2\.dotnet\tools: could not be stat'd.

# 4371 files, no impossibilities in 28 directories.

# Implicit Rules

# No implicit rules.

# Files

# Not a target:
all:
#  Command-line target.
#  Implicit rule search has not been done.
#  Modification time never checked.
#  File has not been updated.

# Not a target:
.DEFAULT:
#  Implicit rule search has not been done.
#  Modification time never checked.
#  File has not been updated.

build:
#  Implicit rule search has not b 
een done.
#  Modification time never checked.
#  File has not been updated.

# Not a target:
C:\Github\expression-tree-library\src\Makefile:
#  Implicit rule search has not been done.
#  Modification time never checked.
#  File has not been updated.

# Not a target:
.SUFFIXES:
#  Implicit rule search has not been done.
#  Modification time never checked.
#  File has not been updated.

# files hash-table stats:
# Load=5/1024=0%, Rehash=0, Collisions=0/6=0%
# VPATH Search Paths

# No `vpath' search paths.

#  
C:\Github\expression-tree-library\src\Makefile:10: *** missing separator.  Stop.

No general (`VPATH' variable) search path.

# # of strings in strcache: 1
# # of strcache buffers: 1
# strcache size: total = 4096 / max = 4096 / min = 4096 / avg = 4096
# strcache free: total = 4049 / max = 4049 / min = 4049 / avg = 4049

# Finished Make data base on Tue May 17 14:16:46 2022

 
